<?xml version="1.0" encoding="UTF-8"?>
<testsuites name="Edited" time="834.989" tests="6" failures="2" errors="0">
   <testsuite name="Edited" tests="6" failures="2" errors="0" time="834.989" skipped="0" timestamp="2023-07-11 17:20:50" hostname="dung.cao - 10.10.32.213" id="Test Suites/Edited">
      <properties>
         <property name="deviceName" value=""/>
         <property name="devicePlatform" value=""/>
         <property name="logFolder" value="/Users/dung.cao/Desktop/cura-healthcare/Reports/20230711_172041/Edited/20230711_172041"/>
         <property name="logFiles" value="/Users/dung.cao/Desktop/cura-healthcare/Reports/20230711_172041/Edited/20230711_172041/execution0.log"/>
         <property name="attachments" value=""/>
         <property name="hostName" value="dung.cao - 10.10.32.213"/>
         <property name="os" value="Mac OS X 64bit"/>
         <property name="katalonVersion" value="8.6.5.208"/>
         <property name="browser" value="Chrome 114.0.0.0"/>
         <property name="hostAddress" value="10.10.32.213"/>
         <property name="sessionId" value="fe87797751567567277a337de7a67498"/>
         <property name="seleniumVersion" value="3.141.59"/>
         <property name="proxyInformation" value="ProxyInformation { proxyOption=NO_PROXY, proxyServerType=HTTP, username=, password=********, proxyServerAddress=, proxyServerPort=0, executionList=&quot;&quot;, isApplyToDesiredCapabilities=true }"/>
         <property name="platform" value="Mac OS X"/>
      </properties>
      <testcase name="Test Cases/Verify user can log in with valid credentiasl" time="51.257" classname="Test Cases/Verify user can log in with valid credentiasl" status="PASSED">
         <system-out><![CDATA[2023-07-11 17:20:51 - [TEST_CASE][PASSED] - Test Cases/Verify user can log in with valid credentiasl: Test Cases/Verify user can log in with valid credentiasl

2023-07-11 17:20:51 - [TEST_STEP][PASSED] - openBrowser(""): Browser is opened with url: ''

2023-07-11 17:20:51 - [MESSAGE][INFO] - Starting 'Chrome' driver

2023-07-11 17:20:51 - [MESSAGE][INFO] - Action delay is set to 0 milliseconds

2023-07-11 17:20:58 - [MESSAGE][PASSED] - Browser is opened with url: ''

2023-07-11 17:20:58 - [TEST_STEP][PASSED] - navigateToUrl(URL_homepage): Navigate to 'https://katalon-demo-cura.herokuapp.com/' successfully

2023-07-11 17:21:01 - [MESSAGE][PASSED] - Navigate to 'https://katalon-demo-cura.herokuapp.com/' successfully

2023-07-11 17:21:01 - [TEST_STEP][PASSED] - click(findTestObject("Page_Main page/Button_Make Appointment")): Object: 'Object Repository/Page_Main page/Button_Make Appointment' is clicked on

2023-07-11 17:21:03 - [MESSAGE][PASSED] - Object: 'Object Repository/Page_Main page/Button_Make Appointment' is clicked on

2023-07-11 17:21:03 - [TEST_STEP][PASSED] - logIn.LogIn.logIn("John Doe", "ThisIsNotAPassword"): logIn.LogIn.logIn is PASSED

2023-07-11 17:21:04 - [MESSAGE][PASSED] - Text 'John Doe' is set on object 'Object Repository/Page_Log in page/Input field_Username'

2023-07-11 17:21:05 - [MESSAGE][PASSED] - Text 'ThisIsNotAPassword' is set on object 'Object Repository/Page_Log in page/Input field _Password'

2023-07-11 17:21:37 - [MESSAGE][INFO] - Unable to find the element located by 'By.cssSelector: '. Please recheck the objects properties to make sure the desired element is located. 

2023-07-11 17:21:37 - [MESSAGE][WARNING] - [SELF-HEALING] Failed to find element with id 'Object Repository/Page_log in page/Button_Log in'. Try using Self-healing.

2023-07-11 17:21:39 - [MESSAGE][WARNING] - [SELF-HEALING] The current locator of test object 'Object Repository/Page_log in page/Button_Log in' was broken. Propose an alternative one: '#btn-login'.

2023-07-11 17:21:40 - [MESSAGE][PASSED] - Object: 'Object Repository/Page_log in page/Button_Log in' is clicked on

2023-07-11 17:21:40 - [MESSAGE][PASSED] - logIn.LogIn.logIn is PASSED

2023-07-11 17:21:40 - [TEST_STEP][PASSED] - verifyEqual(getUrl(), URL_appointment): Actual object 'https://katalon-demo-cura.herokuapp.com/#appointment' and expected object 'https://katalon-demo-cura.herokuapp.com/#appointment' are equal

2023-07-11 17:21:40 - [MESSAGE][PASSED] - Current window's url is: 'https://katalon-demo-cura.herokuapp.com/#appointment'

2023-07-11 17:21:40 - [MESSAGE][PASSED] - Actual object 'https://katalon-demo-cura.herokuapp.com/#appointment' and expected object 'https://katalon-demo-cura.herokuapp.com/#appointment' are equal

2023-07-11 17:21:40 - [TEST_STEP][PASSED] - verifyElementVisible(findTestObject("Page_Make Appointment/Dropdown_Facility")): Object 'Object Repository/Page_Make Appointment/Dropdown_Facility' is visible

2023-07-11 17:21:42 - [MESSAGE][PASSED] - Object 'Object Repository/Page_Make Appointment/Dropdown_Facility' is visible

2023-07-11 17:21:42 - [TEST_STEP][PASSED] - closeBrowser(): Browser is closed

2023-07-11 17:21:42 - [MESSAGE][PASSED] - Browser is closed]]></system-out>
         <system-err><![CDATA[]]></system-err>
      </testcase>
      <testcase name="Test Cases/Verify user can log out using nav bar" time="62.012" classname="Test Cases/Verify user can log out using nav bar" status="PASSED">
         <system-out><![CDATA[2023-07-11 17:21:42 - [TEST_CASE][PASSED] - Test Cases/Verify user can log out using nav bar: Test Cases/Verify user can log out using nav bar

2023-07-11 17:21:42 - [TEST_STEP][PASSED] - openBrowser(""): Browser is opened with url: ''

2023-07-11 17:21:42 - [MESSAGE][INFO] - Starting 'Chrome' driver

2023-07-11 17:21:42 - [MESSAGE][INFO] - Action delay is set to 0 milliseconds

2023-07-11 17:21:47 - [MESSAGE][PASSED] - Browser is opened with url: ''

2023-07-11 17:21:47 - [TEST_STEP][PASSED] - navigateToUrl(URL_homepage): Navigate to 'https://katalon-demo-cura.herokuapp.com/' successfully

2023-07-11 17:21:50 - [MESSAGE][PASSED] - Navigate to 'https://katalon-demo-cura.herokuapp.com/' successfully

2023-07-11 17:21:50 - [TEST_STEP][PASSED] - click(findTestObject("Page_Main page/Button_Make Appointment")): Object: 'Object Repository/Page_Main page/Button_Make Appointment' is clicked on

2023-07-11 17:21:53 - [MESSAGE][PASSED] - Object: 'Object Repository/Page_Main page/Button_Make Appointment' is clicked on

2023-07-11 17:21:53 - [TEST_STEP][PASSED] - logIn.LogIn.logIn("John Doe", "ThisIsNotAPassword"): logIn.LogIn.logIn is PASSED

2023-07-11 17:21:57 - [MESSAGE][PASSED] - Text 'John Doe' is set on object 'Object Repository/Page_Log in page/Input field_Username'

2023-07-11 17:21:59 - [MESSAGE][PASSED] - Text 'ThisIsNotAPassword' is set on object 'Object Repository/Page_Log in page/Input field _Password'

2023-07-11 17:22:31 - [MESSAGE][INFO] - Unable to find the element located by 'By.cssSelector: '. Please recheck the objects properties to make sure the desired element is located. 

2023-07-11 17:22:31 - [MESSAGE][WARNING] - [SELF-HEALING] Failed to find element with id 'Object Repository/Page_log in page/Button_Log in'. Try using Self-healing.

2023-07-11 17:22:33 - [MESSAGE][WARNING] - [SELF-HEALING] The current locator of test object 'Object Repository/Page_log in page/Button_Log in' was broken. Propose an alternative one: '#btn-login'.

2023-07-11 17:22:34 - [MESSAGE][PASSED] - Object: 'Object Repository/Page_log in page/Button_Log in' is clicked on

2023-07-11 17:22:34 - [MESSAGE][PASSED] - logIn.LogIn.logIn is PASSED

2023-07-11 17:22:34 - [TEST_STEP][PASSED] - click(findTestObject("Navigation Bar/Icon_Menu")): Object: 'Object Repository/Navigation Bar/Icon_Menu' is clicked on

2023-07-11 17:22:36 - [MESSAGE][PASSED] - Object: 'Object Repository/Navigation Bar/Icon_Menu' is clicked on

2023-07-11 17:22:36 - [TEST_STEP][PASSED] - click(findTestObject("Navigation Bar/Buttons", ["index":"5"])): Object: 'Object Repository/Navigation Bar/Buttons' is clicked on

2023-07-11 17:22:39 - [MESSAGE][PASSED] - Object: 'Object Repository/Navigation Bar/Buttons' is clicked on

2023-07-11 17:22:39 - [TEST_STEP][PASSED] - url = getUrl(): Current window's url is: 'https://katalon-demo-cura.herokuapp.com/'

2023-07-11 17:22:39 - [MESSAGE][PASSED] - Current window's url is: 'https://katalon-demo-cura.herokuapp.com/'

2023-07-11 17:22:39 - [TEST_STEP][PASSED] - verifyEqual(url, URL_homepage): Actual object 'https://katalon-demo-cura.herokuapp.com/' and expected object 'https://katalon-demo-cura.herokuapp.com/' are equal

2023-07-11 17:22:39 - [MESSAGE][PASSED] - Actual object 'https://katalon-demo-cura.herokuapp.com/' and expected object 'https://katalon-demo-cura.herokuapp.com/' are equal

2023-07-11 17:22:39 - [TEST_STEP][PASSED] - click(findTestObject("Page_Main page/Button_Make Appointment")): Object: 'Object Repository/Page_Main page/Button_Make Appointment' is clicked on

2023-07-11 17:22:41 - [MESSAGE][PASSED] - Object: 'Object Repository/Page_Main page/Button_Make Appointment' is clicked on

2023-07-11 17:22:41 - [TEST_STEP][PASSED] - verifyTextPresent("Please login to make appointment.", false): Text 'Please login to make appointment.' is present on page 

2023-07-11 17:22:44 - [MESSAGE][PASSED] - Text 'Please login to make appointment.' is present on page 

2023-07-11 17:22:44 - [TEST_STEP][PASSED] - closeBrowser(): Browser is closed

2023-07-11 17:22:44 - [MESSAGE][PASSED] - Browser is closed]]></system-out>
         <system-err><![CDATA[]]></system-err>
      </testcase>
      <testcase name="Test Cases/Verify user can log out using profile page" time="61.51" classname="Test Cases/Verify user can log out using profile page" status="PASSED">
         <system-out><![CDATA[2023-07-11 17:22:44 - [TEST_CASE][PASSED] - Test Cases/Verify user can log out using profile page: Test Cases/Verify user can log out using profile page

2023-07-11 17:22:44 - [TEST_STEP][PASSED] - openBrowser(""): Browser is opened with url: ''

2023-07-11 17:22:44 - [MESSAGE][INFO] - Starting 'Chrome' driver

2023-07-11 17:22:44 - [MESSAGE][INFO] - Action delay is set to 0 milliseconds

2023-07-11 17:22:49 - [MESSAGE][PASSED] - Browser is opened with url: ''

2023-07-11 17:22:49 - [TEST_STEP][PASSED] - navigateToUrl(URL_homepage): Navigate to 'https://katalon-demo-cura.herokuapp.com/' successfully

2023-07-11 17:22:52 - [MESSAGE][PASSED] - Navigate to 'https://katalon-demo-cura.herokuapp.com/' successfully

2023-07-11 17:22:52 - [TEST_STEP][PASSED] - click(findTestObject("Page_Main page/Button_Make Appointment")): Object: 'Object Repository/Page_Main page/Button_Make Appointment' is clicked on

2023-07-11 17:22:54 - [MESSAGE][PASSED] - Object: 'Object Repository/Page_Main page/Button_Make Appointment' is clicked on

2023-07-11 17:22:54 - [TEST_STEP][PASSED] - logIn.LogIn.logIn("John Doe", "ThisIsNotAPassword"): logIn.LogIn.logIn is PASSED

2023-07-11 17:22:58 - [MESSAGE][PASSED] - Text 'John Doe' is set on object 'Object Repository/Page_Log in page/Input field_Username'

2023-07-11 17:23:02 - [MESSAGE][PASSED] - Text 'ThisIsNotAPassword' is set on object 'Object Repository/Page_Log in page/Input field _Password'

2023-07-11 17:23:34 - [MESSAGE][INFO] - Unable to find the element located by 'By.cssSelector: '. Please recheck the objects properties to make sure the desired element is located. 

2023-07-11 17:23:34 - [MESSAGE][WARNING] - [SELF-HEALING] Failed to find element with id 'Object Repository/Page_log in page/Button_Log in'. Try using Self-healing.

2023-07-11 17:23:34 - [MESSAGE][WARNING] - [SELF-HEALING] The current locator of test object 'Object Repository/Page_log in page/Button_Log in' was broken. Propose an alternative one: '#btn-login'.

2023-07-11 17:23:35 - [MESSAGE][PASSED] - Object: 'Object Repository/Page_log in page/Button_Log in' is clicked on

2023-07-11 17:23:35 - [MESSAGE][PASSED] - logIn.LogIn.logIn is PASSED

2023-07-11 17:23:35 - [TEST_STEP][PASSED] - click(findTestObject("Navigation Bar/Icon_Menu")): Object: 'Object Repository/Navigation Bar/Icon_Menu' is clicked on

2023-07-11 17:23:37 - [MESSAGE][PASSED] - Object: 'Object Repository/Navigation Bar/Icon_Menu' is clicked on

2023-07-11 17:23:37 - [TEST_STEP][PASSED] - click(findTestObject("Navigation Bar/Buttons", ["index":"4"])): Object: 'Object Repository/Navigation Bar/Buttons' is clicked on

2023-07-11 17:23:39 - [MESSAGE][PASSED] - Object: 'Object Repository/Navigation Bar/Buttons' is clicked on

2023-07-11 17:23:39 - [TEST_STEP][PASSED] - click(findTestObject("Page_Profile/Button_Log out")): Object: 'Object Repository/Page_Profile/Button_Log out' is clicked on

2023-07-11 17:23:41 - [MESSAGE][PASSED] - Object: 'Object Repository/Page_Profile/Button_Log out' is clicked on

2023-07-11 17:23:41 - [TEST_STEP][PASSED] - url = getUrl(): Current window's url is: 'https://katalon-demo-cura.herokuapp.com/'

2023-07-11 17:23:42 - [MESSAGE][PASSED] - Current window's url is: 'https://katalon-demo-cura.herokuapp.com/'

2023-07-11 17:23:42 - [TEST_STEP][PASSED] - verifyEqual(url, URL_homepage): Actual object 'https://katalon-demo-cura.herokuapp.com/' and expected object 'https://katalon-demo-cura.herokuapp.com/' are equal

2023-07-11 17:23:42 - [MESSAGE][PASSED] - Actual object 'https://katalon-demo-cura.herokuapp.com/' and expected object 'https://katalon-demo-cura.herokuapp.com/' are equal

2023-07-11 17:23:42 - [TEST_STEP][PASSED] - click(findTestObject("Page_Main page/Button_Make Appointment")): Object: 'Object Repository/Page_Main page/Button_Make Appointment' is clicked on

2023-07-11 17:23:43 - [MESSAGE][PASSED] - Object: 'Object Repository/Page_Main page/Button_Make Appointment' is clicked on

2023-07-11 17:23:43 - [TEST_STEP][PASSED] - verifyTextPresent("Please login to make appointment.", false): Text 'Please login to make appointment.' is present on page 

2023-07-11 17:23:45 - [MESSAGE][PASSED] - Text 'Please login to make appointment.' is present on page 

2023-07-11 17:23:45 - [TEST_STEP][PASSED] - closeBrowser(): Browser is closed

2023-07-11 17:23:45 - [MESSAGE][PASSED] - Browser is closed]]></system-out>
         <system-err><![CDATA[]]></system-err>
      </testcase>
      <testcase name="Test Cases/Verify user can book an appointment successfully" time="63.393" classname="Test Cases/Verify user can book an appointment successfully" status="FAILED">
         <failure type="FAILED" message="Test Cases/Verify user can book an appointment successfully FAILED.
Reason:
com.kms.katalon.core.exception.StepFailedException: Actual object 'https://katalon-demo-cura.herokuapp.com/#appointment' and expected object 'https://katalon-demo-cura.herokuapp.com/appointment.php#summary' are not equal
	at com.kms.katalon.core.keyword.builtin.VerifyEqualKeyword$_verifyEqual_closure1.doCall(VerifyEqualKeyword.groovy:58)
	at com.kms.katalon.core.keyword.builtin.VerifyEqualKeyword$_verifyEqual_closure1.call(VerifyEqualKeyword.groovy)
	at com.kms.katalon.core.keyword.internal.KeywordMain.runKeyword(KeywordMain.groovy:75)
	at com.kms.katalon.core.keyword.builtin.VerifyEqualKeyword.verifyEqual(VerifyEqualKeyword.groovy:63)
	at com.kms.katalon.core.keyword.builtin.VerifyEqualKeyword.execute(VerifyEqualKeyword.groovy:44)
	at com.kms.katalon.core.keyword.internal.KeywordExecutor.executeKeywordForPlatform(KeywordExecutor.groovy:74)
	at com.kms.katalon.core.keyword.BuiltinKeywords.verifyEqual(BuiltinKeywords.groovy:146)
	at Verify user can book an appointment successfully.run(Verify user can book an appointment successfully:34)
	at com.kms.katalon.core.main.ScriptEngine.run(ScriptEngine.java:194)
	at com.kms.katalon.core.main.ScriptEngine.runScriptAsRawText(ScriptEngine.java:119)
	at com.kms.katalon.core.main.TestCaseExecutor.runScript(TestCaseExecutor.java:448)
	at com.kms.katalon.core.main.TestCaseExecutor.doExecute(TestCaseExecutor.java:439)
	at com.kms.katalon.core.main.TestCaseExecutor.processExecutionPhase(TestCaseExecutor.java:418)
	at com.kms.katalon.core.main.TestCaseExecutor.accessMainPhase(TestCaseExecutor.java:410)
	at com.kms.katalon.core.main.TestCaseExecutor.execute(TestCaseExecutor.java:285)
	at com.kms.katalon.core.main.TestCaseExecutor.execute(TestCaseExecutor.java:369)
	at com.kms.katalon.core.main.TestCaseExecutor.execute(TestCaseExecutor.java:369)
	at com.kms.katalon.core.main.TestCaseExecutor.execute(TestCaseExecutor.java:369)
	at com.kms.katalon.core.common.CommonExecutor.accessTestCaseMainPhase(CommonExecutor.java:65)
	at com.kms.katalon.core.main.TestSuiteExecutor.accessTestSuiteMainPhase(TestSuiteExecutor.java:148)
	at com.kms.katalon.core.main.TestSuiteExecutor.execute(TestSuiteExecutor.java:106)
	at com.kms.katalon.core.main.TestCaseMain.startTestSuite(TestCaseMain.java:187)
	at com.kms.katalon.core.main.TestCaseMain$startTestSuite$0.call(Unknown Source)
	at TempTestSuite1689070841546.run(TempTestSuite1689070841546.groovy:36)
"/>
         <system-out><![CDATA[2023-07-11 17:26:44 - [TEST_CASE][FAILED] - Test Cases/Verify user can book an appointment successfully: Test Cases/Verify user can book an appointment successfully FAILED.
Reason:
com.kms.katalon.core.exception.StepFailedException: Actual object 'https://katalon-demo-cura.herokuapp.com/#appointment' and expected object 'https://katalon-demo-cura.herokuapp.com/appointment.php#summary' are not equal
	at com.kms.katalon.core.keyword.builtin.VerifyEqualKeyword$_verifyEqual_closure1.doCall(VerifyEqualKeyword.groovy:58)
	at com.kms.katalon.core.keyword.builtin.VerifyEqualKeyword$_verifyEqual_closure1.call(VerifyEqualKeyword.groovy)
	at com.kms.katalon.core.keyword.internal.KeywordMain.runKeyword(KeywordMain.groovy:75)
	at com.kms.katalon.core.keyword.builtin.VerifyEqualKeyword.verifyEqual(VerifyEqualKeyword.groovy:63)
	at com.kms.katalon.core.keyword.builtin.VerifyEqualKeyword.execute(VerifyEqualKeyword.groovy:44)
	at com.kms.katalon.core.keyword.internal.KeywordExecutor.executeKeywordForPlatform(KeywordExecutor.groovy:74)
	at com.kms.katalon.core.keyword.BuiltinKeywords.verifyEqual(BuiltinKeywords.groovy:146)
	at Verify user can book an appointment successfully.run(Verify user can book an appointment successfully:34)
	at com.kms.katalon.core.main.ScriptEngine.run(ScriptEngine.java:194)
	at com.kms.katalon.core.main.ScriptEngine.runScriptAsRawText(ScriptEngine.java:119)
	at com.kms.katalon.core.main.TestCaseExecutor.runScript(TestCaseExecutor.java:448)
	at com.kms.katalon.core.main.TestCaseExecutor.doExecute(TestCaseExecutor.java:439)
	at com.kms.katalon.core.main.TestCaseExecutor.processExecutionPhase(TestCaseExecutor.java:418)
	at com.kms.katalon.core.main.TestCaseExecutor.accessMainPhase(TestCaseExecutor.java:410)
	at com.kms.katalon.core.main.TestCaseExecutor.execute(TestCaseExecutor.java:285)
	at com.kms.katalon.core.main.TestCaseExecutor.execute(TestCaseExecutor.java:369)
	at com.kms.katalon.core.main.TestCaseExecutor.execute(TestCaseExecutor.java:369)
	at com.kms.katalon.core.main.TestCaseExecutor.execute(TestCaseExecutor.java:369)
	at com.kms.katalon.core.common.CommonExecutor.accessTestCaseMainPhase(CommonExecutor.java:65)
	at com.kms.katalon.core.main.TestSuiteExecutor.accessTestSuiteMainPhase(TestSuiteExecutor.java:148)
	at com.kms.katalon.core.main.TestSuiteExecutor.execute(TestSuiteExecutor.java:106)
	at com.kms.katalon.core.main.TestCaseMain.startTestSuite(TestCaseMain.java:187)
	at com.kms.katalon.core.main.TestCaseMain$startTestSuite$0.call(Unknown Source)
	at TempTestSuite1689070841546.run(TempTestSuite1689070841546.groovy:36)


2023-07-11 17:26:44 - [TEST_STEP][PASSED] - openBrowser(""): Browser is opened with url: ''

2023-07-11 17:26:44 - [MESSAGE][WARNING] - A browser is already opened. Closing browser and opening a new one

2023-07-11 17:26:44 - [MESSAGE][INFO] - Starting 'Chrome' driver

2023-07-11 17:26:44 - [MESSAGE][INFO] - Action delay is set to 0 milliseconds

2023-07-11 17:26:48 - [MESSAGE][PASSED] - Browser is opened with url: ''

2023-07-11 17:26:48 - [TEST_STEP][PASSED] - navigateToUrl(URL_homepage): Navigate to 'https://katalon-demo-cura.herokuapp.com/' successfully

2023-07-11 17:26:51 - [MESSAGE][PASSED] - Navigate to 'https://katalon-demo-cura.herokuapp.com/' successfully

2023-07-11 17:26:51 - [TEST_STEP][PASSED] - click(findTestObject("Page_Main page/Button_Make Appointment")): Object: 'Object Repository/Page_Main page/Button_Make Appointment' is clicked on

2023-07-11 17:26:54 - [MESSAGE][PASSED] - Object: 'Object Repository/Page_Main page/Button_Make Appointment' is clicked on

2023-07-11 17:26:54 - [TEST_STEP][PASSED] - logIn.LogIn.logIn("John Doe", "ThisIsNotAPassword"): logIn.LogIn.logIn is PASSED

2023-07-11 17:26:58 - [MESSAGE][PASSED] - Text 'John Doe' is set on object 'Object Repository/Page_Log in page/Input field_Username'

2023-07-11 17:27:02 - [MESSAGE][PASSED] - Text 'ThisIsNotAPassword' is set on object 'Object Repository/Page_Log in page/Input field _Password'

2023-07-11 17:27:34 - [MESSAGE][INFO] - Unable to find the element located by 'By.cssSelector: '. Please recheck the objects properties to make sure the desired element is located. 

2023-07-11 17:27:34 - [MESSAGE][WARNING] - [SELF-HEALING] Failed to find element with id 'Object Repository/Page_log in page/Button_Log in'. Try using Self-healing.

2023-07-11 17:27:36 - [MESSAGE][WARNING] - [SELF-HEALING] The current locator of test object 'Object Repository/Page_log in page/Button_Log in' was broken. Propose an alternative one: '#btn-login'.

2023-07-11 17:27:37 - [MESSAGE][PASSED] - Object: 'Object Repository/Page_log in page/Button_Log in' is clicked on

2023-07-11 17:27:37 - [MESSAGE][PASSED] - logIn.LogIn.logIn is PASSED

2023-07-11 17:27:37 - [TEST_STEP][PASSED] - form_output = makeAppointment.MakeAppointment.fillOutForm(facility, readmission, program, date, comment): makeAppointment.MakeAppointment.fillOutForm is PASSED

2023-07-11 17:27:41 - [MESSAGE][PASSED] - Text '' is set on object 'Object Repository/Page_Make Appointment/input_Visit Date (Required)_visit_date'

2023-07-11 17:27:45 - [MESSAGE][PASSED] - Text '' is set on object 'Object Repository/Page_Make Appointment/textarea_Comment_comment'

2023-07-11 17:27:47 - [MESSAGE][PASSED] - Object: 'Object Repository/Page_Make Appointment/button_Book Appointment' is clicked on

2023-07-11 17:27:47 - [MESSAGE][PASSED] - makeAppointment.MakeAppointment.fillOutForm is PASSED

2023-07-11 17:27:47 - [TEST_STEP][PASSED] - url = getUrl(): Current window's url is: 'https://katalon-demo-cura.herokuapp.com/#appointment'

2023-07-11 17:27:47 - [MESSAGE][PASSED] - Current window's url is: 'https://katalon-demo-cura.herokuapp.com/#appointment'

2023-07-11 17:27:47 - [TEST_STEP][FAILED] - verifyEqual(url, URL_summary): Unable to verify equal between actual object 'https://katalon-demo-cura.herokuapp.com/#appointment' and expected object 'https://katalon-demo-cura.herokuapp.com/appointment.php#summary' (Root cause: com.kms.katalon.core.exception.StepFailedException: Actual object 'https://katalon-demo-cura.herokuapp.com/#appointment' and expected object 'https://katalon-demo-cura.herokuapp.com/appointment.php#summary' are not equal
	at com.kms.katalon.core.keyword.builtin.VerifyEqualKeyword$_verifyEqual_closure1.doCall(VerifyEqualKeyword.groovy:58)
	at com.kms.katalon.core.keyword.builtin.VerifyEqualKeyword$_verifyEqual_closure1.call(VerifyEqualKeyword.groovy)
	at com.kms.katalon.core.keyword.internal.KeywordMain.runKeyword(KeywordMain.groovy:75)
	at com.kms.katalon.core.keyword.builtin.VerifyEqualKeyword.verifyEqual(VerifyEqualKeyword.groovy:63)
	at com.kms.katalon.core.keyword.builtin.VerifyEqualKeyword.execute(VerifyEqualKeyword.groovy:44)
	at com.kms.katalon.core.keyword.internal.KeywordExecutor.executeKeywordForPlatform(KeywordExecutor.groovy:74)
	at com.kms.katalon.core.keyword.BuiltinKeywords.verifyEqual(BuiltinKeywords.groovy:146)
	at Verify user can book an appointment successfully.run(Verify user can book an appointment successfully:34)
	at com.kms.katalon.core.main.ScriptEngine.run(ScriptEngine.java:194)
	at com.kms.katalon.core.main.ScriptEngine.runScriptAsRawText(ScriptEngine.java:119)
	at com.kms.katalon.core.main.TestCaseExecutor.runScript(TestCaseExecutor.java:448)
	at com.kms.katalon.core.main.TestCaseExecutor.doExecute(TestCaseExecutor.java:439)
	at com.kms.katalon.core.main.TestCaseExecutor.processExecutionPhase(TestCaseExecutor.java:418)
	at com.kms.katalon.core.main.TestCaseExecutor.accessMainPhase(TestCaseExecutor.java:410)
	at com.kms.katalon.core.main.TestCaseExecutor.execute(TestCaseExecutor.java:285)
	at com.kms.katalon.core.main.TestCaseExecutor.execute(TestCaseExecutor.java:369)
	at com.kms.katalon.core.main.TestCaseExecutor.execute(TestCaseExecutor.java:369)
	at com.kms.katalon.core.main.TestCaseExecutor.execute(TestCaseExecutor.java:369)
	at com.kms.katalon.core.common.CommonExecutor.accessTestCaseMainPhase(CommonExecutor.java:65)
	at com.kms.katalon.core.main.TestSuiteExecutor.accessTestSuiteMainPhase(TestSuiteExecutor.java:148)
	at com.kms.katalon.core.main.TestSuiteExecutor.execute(TestSuiteExecutor.java:106)
	at com.kms.katalon.core.main.TestCaseMain.startTestSuite(TestCaseMain.java:187)
	at com.kms.katalon.core.main.TestCaseMain$startTestSuite$0.call(Unknown Source)
	at TempTestSuite1689070841546.run(TempTestSuite1689070841546.groovy:36)
)

2023-07-11 17:27:47 - [MESSAGE][FAILED] - Unable to verify equal between actual object 'https://katalon-demo-cura.herokuapp.com/#appointment' and expected object 'https://katalon-demo-cura.herokuapp.com/appointment.php#summary' (Root cause: com.kms.katalon.core.exception.StepFailedException: Actual object 'https://katalon-demo-cura.herokuapp.com/#appointment' and expected object 'https://katalon-demo-cura.herokuapp.com/appointment.php#summary' are not equal
	at com.kms.katalon.core.keyword.builtin.VerifyEqualKeyword$_verifyEqual_closure1.doCall(VerifyEqualKeyword.groovy:58)
	at com.kms.katalon.core.keyword.builtin.VerifyEqualKeyword$_verifyEqual_closure1.call(VerifyEqualKeyword.groovy)
	at com.kms.katalon.core.keyword.internal.KeywordMain.runKeyword(KeywordMain.groovy:75)
	at com.kms.katalon.core.keyword.builtin.VerifyEqualKeyword.verifyEqual(VerifyEqualKeyword.groovy:63)
	at com.kms.katalon.core.keyword.builtin.VerifyEqualKeyword.execute(VerifyEqualKeyword.groovy:44)
	at com.kms.katalon.core.keyword.internal.KeywordExecutor.executeKeywordForPlatform(KeywordExecutor.groovy:74)
	at com.kms.katalon.core.keyword.BuiltinKeywords.verifyEqual(BuiltinKeywords.groovy:146)
	at Verify user can book an appointment successfully.run(Verify user can book an appointment successfully:34)
	at com.kms.katalon.core.main.ScriptEngine.run(ScriptEngine.java:194)
	at com.kms.katalon.core.main.ScriptEngine.runScriptAsRawText(ScriptEngine.java:119)
	at com.kms.katalon.core.main.TestCaseExecutor.runScript(TestCaseExecutor.java:448)
	at com.kms.katalon.core.main.TestCaseExecutor.doExecute(TestCaseExecutor.java:439)
	at com.kms.katalon.core.main.TestCaseExecutor.processExecutionPhase(TestCaseExecutor.java:418)
	at com.kms.katalon.core.main.TestCaseExecutor.accessMainPhase(TestCaseExecutor.java:410)
	at com.kms.katalon.core.main.TestCaseExecutor.execute(TestCaseExecutor.java:285)
	at com.kms.katalon.core.main.TestCaseExecutor.execute(TestCaseExecutor.java:369)
	at com.kms.katalon.core.main.TestCaseExecutor.execute(TestCaseExecutor.java:369)
	at com.kms.katalon.core.main.TestCaseExecutor.execute(TestCaseExecutor.java:369)
	at com.kms.katalon.core.common.CommonExecutor.accessTestCaseMainPhase(CommonExecutor.java:65)
	at com.kms.katalon.core.main.TestSuiteExecutor.accessTestSuiteMainPhase(TestSuiteExecutor.java:148)
	at com.kms.katalon.core.main.TestSuiteExecutor.execute(TestSuiteExecutor.java:106)
	at com.kms.katalon.core.main.TestCaseMain.startTestSuite(TestCaseMain.java:187)
	at com.kms.katalon.core.main.TestCaseMain$startTestSuite$0.call(Unknown Source)
	at TempTestSuite1689070841546.run(TempTestSuite1689070841546.groovy:36)
)]]></system-out>
         <system-err><![CDATA[2023-07-11 17:26:44 - [TEST_CASE][FAILED] - Test Cases/Verify user can book an appointment successfully: Test Cases/Verify user can book an appointment successfully FAILED.
Reason:
com.kms.katalon.core.exception.StepFailedException: Actual object 'https://katalon-demo-cura.herokuapp.com/#appointment' and expected object 'https://katalon-demo-cura.herokuapp.com/appointment.php#summary' are not equal
	at com.kms.katalon.core.keyword.builtin.VerifyEqualKeyword$_verifyEqual_closure1.doCall(VerifyEqualKeyword.groovy:58)
	at com.kms.katalon.core.keyword.builtin.VerifyEqualKeyword$_verifyEqual_closure1.call(VerifyEqualKeyword.groovy)
	at com.kms.katalon.core.keyword.internal.KeywordMain.runKeyword(KeywordMain.groovy:75)
	at com.kms.katalon.core.keyword.builtin.VerifyEqualKeyword.verifyEqual(VerifyEqualKeyword.groovy:63)
	at com.kms.katalon.core.keyword.builtin.VerifyEqualKeyword.execute(VerifyEqualKeyword.groovy:44)
	at com.kms.katalon.core.keyword.internal.KeywordExecutor.executeKeywordForPlatform(KeywordExecutor.groovy:74)
	at com.kms.katalon.core.keyword.BuiltinKeywords.verifyEqual(BuiltinKeywords.groovy:146)
	at Verify user can book an appointment successfully.run(Verify user can book an appointment successfully:34)
	at com.kms.katalon.core.main.ScriptEngine.run(ScriptEngine.java:194)
	at com.kms.katalon.core.main.ScriptEngine.runScriptAsRawText(ScriptEngine.java:119)
	at com.kms.katalon.core.main.TestCaseExecutor.runScript(TestCaseExecutor.java:448)
	at com.kms.katalon.core.main.TestCaseExecutor.doExecute(TestCaseExecutor.java:439)
	at com.kms.katalon.core.main.TestCaseExecutor.processExecutionPhase(TestCaseExecutor.java:418)
	at com.kms.katalon.core.main.TestCaseExecutor.accessMainPhase(TestCaseExecutor.java:410)
	at com.kms.katalon.core.main.TestCaseExecutor.execute(TestCaseExecutor.java:285)
	at com.kms.katalon.core.main.TestCaseExecutor.execute(TestCaseExecutor.java:369)
	at com.kms.katalon.core.main.TestCaseExecutor.execute(TestCaseExecutor.java:369)
	at com.kms.katalon.core.main.TestCaseExecutor.execute(TestCaseExecutor.java:369)
	at com.kms.katalon.core.common.CommonExecutor.accessTestCaseMainPhase(CommonExecutor.java:65)
	at com.kms.katalon.core.main.TestSuiteExecutor.accessTestSuiteMainPhase(TestSuiteExecutor.java:148)
	at com.kms.katalon.core.main.TestSuiteExecutor.execute(TestSuiteExecutor.java:106)
	at com.kms.katalon.core.main.TestCaseMain.startTestSuite(TestCaseMain.java:187)
	at com.kms.katalon.core.main.TestCaseMain$startTestSuite$0.call(Unknown Source)
	at TempTestSuite1689070841546.run(TempTestSuite1689070841546.groovy:36)]]></system-err>
      </testcase>
      <testcase name="Test Cases/Verify user cannot book an appointment with invalid dates" time="71.6" classname="Test Cases/Verify user cannot book an appointment with invalid dates" status="FAILED">
         <failure type="FAILED" message="Test Cases/Verify user cannot book an appointment with invalid dates FAILED.
Reason:
com.kms.katalon.core.exception.StepFailedException: Actual object 'https://katalon-demo-cura.herokuapp.com/appointment.php#summary' and expected object 'https://katalon-demo-cura.herokuapp.com/#appointment' are not equal
	at com.kms.katalon.core.keyword.builtin.VerifyEqualKeyword$_verifyEqual_closure1.doCall(VerifyEqualKeyword.groovy:58)
	at com.kms.katalon.core.keyword.builtin.VerifyEqualKeyword$_verifyEqual_closure1.call(VerifyEqualKeyword.groovy)
	at com.kms.katalon.core.keyword.internal.KeywordMain.runKeyword(KeywordMain.groovy:75)
	at com.kms.katalon.core.keyword.builtin.VerifyEqualKeyword.verifyEqual(VerifyEqualKeyword.groovy:63)
	at com.kms.katalon.core.keyword.builtin.VerifyEqualKeyword.execute(VerifyEqualKeyword.groovy:44)
	at com.kms.katalon.core.keyword.internal.KeywordExecutor.executeKeywordForPlatform(KeywordExecutor.groovy:74)
	at com.kms.katalon.core.keyword.BuiltinKeywords.verifyEqual(BuiltinKeywords.groovy:146)
	at Verify user cannot book an appointment with invalid dates.run(Verify user cannot book an appointment with invalid dates:41)
	at com.kms.katalon.core.main.ScriptEngine.run(ScriptEngine.java:194)
	at com.kms.katalon.core.main.ScriptEngine.runScriptAsRawText(ScriptEngine.java:119)
	at com.kms.katalon.core.main.TestCaseExecutor.runScript(TestCaseExecutor.java:448)
	at com.kms.katalon.core.main.TestCaseExecutor.doExecute(TestCaseExecutor.java:439)
	at com.kms.katalon.core.main.TestCaseExecutor.processExecutionPhase(TestCaseExecutor.java:418)
	at com.kms.katalon.core.main.TestCaseExecutor.accessMainPhase(TestCaseExecutor.java:410)
	at com.kms.katalon.core.main.TestCaseExecutor.execute(TestCaseExecutor.java:285)
	at com.kms.katalon.core.main.TestCaseExecutor.execute(TestCaseExecutor.java:369)
	at com.kms.katalon.core.main.TestCaseExecutor.execute(TestCaseExecutor.java:369)
	at com.kms.katalon.core.main.TestCaseExecutor.execute(TestCaseExecutor.java:369)
	at com.kms.katalon.core.common.CommonExecutor.accessTestCaseMainPhase(CommonExecutor.java:65)
	at com.kms.katalon.core.main.TestSuiteExecutor.accessTestSuiteMainPhase(TestSuiteExecutor.java:148)
	at com.kms.katalon.core.main.TestSuiteExecutor.execute(TestSuiteExecutor.java:106)
	at com.kms.katalon.core.main.TestCaseMain.startTestSuite(TestCaseMain.java:187)
	at com.kms.katalon.core.main.TestCaseMain$startTestSuite$0.call(Unknown Source)
	at TempTestSuite1689070841546.run(TempTestSuite1689070841546.groovy:36)
"/>
         <system-out><![CDATA[2023-07-11 17:31:41 - [TEST_CASE][FAILED] - Test Cases/Verify user cannot book an appointment with invalid dates: Test Cases/Verify user cannot book an appointment with invalid dates FAILED.
Reason:
com.kms.katalon.core.exception.StepFailedException: Actual object 'https://katalon-demo-cura.herokuapp.com/appointment.php#summary' and expected object 'https://katalon-demo-cura.herokuapp.com/#appointment' are not equal
	at com.kms.katalon.core.keyword.builtin.VerifyEqualKeyword$_verifyEqual_closure1.doCall(VerifyEqualKeyword.groovy:58)
	at com.kms.katalon.core.keyword.builtin.VerifyEqualKeyword$_verifyEqual_closure1.call(VerifyEqualKeyword.groovy)
	at com.kms.katalon.core.keyword.internal.KeywordMain.runKeyword(KeywordMain.groovy:75)
	at com.kms.katalon.core.keyword.builtin.VerifyEqualKeyword.verifyEqual(VerifyEqualKeyword.groovy:63)
	at com.kms.katalon.core.keyword.builtin.VerifyEqualKeyword.execute(VerifyEqualKeyword.groovy:44)
	at com.kms.katalon.core.keyword.internal.KeywordExecutor.executeKeywordForPlatform(KeywordExecutor.groovy:74)
	at com.kms.katalon.core.keyword.BuiltinKeywords.verifyEqual(BuiltinKeywords.groovy:146)
	at Verify user cannot book an appointment with invalid dates.run(Verify user cannot book an appointment with invalid dates:41)
	at com.kms.katalon.core.main.ScriptEngine.run(ScriptEngine.java:194)
	at com.kms.katalon.core.main.ScriptEngine.runScriptAsRawText(ScriptEngine.java:119)
	at com.kms.katalon.core.main.TestCaseExecutor.runScript(TestCaseExecutor.java:448)
	at com.kms.katalon.core.main.TestCaseExecutor.doExecute(TestCaseExecutor.java:439)
	at com.kms.katalon.core.main.TestCaseExecutor.processExecutionPhase(TestCaseExecutor.java:418)
	at com.kms.katalon.core.main.TestCaseExecutor.accessMainPhase(TestCaseExecutor.java:410)
	at com.kms.katalon.core.main.TestCaseExecutor.execute(TestCaseExecutor.java:285)
	at com.kms.katalon.core.main.TestCaseExecutor.execute(TestCaseExecutor.java:369)
	at com.kms.katalon.core.main.TestCaseExecutor.execute(TestCaseExecutor.java:369)
	at com.kms.katalon.core.main.TestCaseExecutor.execute(TestCaseExecutor.java:369)
	at com.kms.katalon.core.common.CommonExecutor.accessTestCaseMainPhase(CommonExecutor.java:65)
	at com.kms.katalon.core.main.TestSuiteExecutor.accessTestSuiteMainPhase(TestSuiteExecutor.java:148)
	at com.kms.katalon.core.main.TestSuiteExecutor.execute(TestSuiteExecutor.java:106)
	at com.kms.katalon.core.main.TestCaseMain.startTestSuite(TestCaseMain.java:187)
	at com.kms.katalon.core.main.TestCaseMain$startTestSuite$0.call(Unknown Source)
	at TempTestSuite1689070841546.run(TempTestSuite1689070841546.groovy:36)


2023-07-11 17:31:41 - [TEST_STEP][PASSED] - openBrowser(""): Browser is opened with url: ''

2023-07-11 17:31:41 - [MESSAGE][WARNING] - A browser is already opened. Closing browser and opening a new one

2023-07-11 17:31:42 - [MESSAGE][INFO] - Starting 'Chrome' driver

2023-07-11 17:31:42 - [MESSAGE][INFO] - Action delay is set to 0 milliseconds

2023-07-11 17:31:46 - [MESSAGE][PASSED] - Browser is opened with url: ''

2023-07-11 17:31:46 - [TEST_STEP][PASSED] - navigateToUrl(URL_homepage): Navigate to 'https://katalon-demo-cura.herokuapp.com/' successfully

2023-07-11 17:31:49 - [MESSAGE][PASSED] - Navigate to 'https://katalon-demo-cura.herokuapp.com/' successfully

2023-07-11 17:31:49 - [TEST_STEP][PASSED] - click(findTestObject("Page_Main page/Button_Make Appointment")): Object: 'Object Repository/Page_Main page/Button_Make Appointment' is clicked on

2023-07-11 17:31:52 - [MESSAGE][PASSED] - Object: 'Object Repository/Page_Main page/Button_Make Appointment' is clicked on

2023-07-11 17:31:52 - [TEST_STEP][PASSED] - logIn.LogIn.logIn("John Doe", "ThisIsNotAPassword"): logIn.LogIn.logIn is PASSED

2023-07-11 17:31:56 - [MESSAGE][PASSED] - Text 'John Doe' is set on object 'Object Repository/Page_Log in page/Input field_Username'

2023-07-11 17:32:00 - [MESSAGE][PASSED] - Text 'ThisIsNotAPassword' is set on object 'Object Repository/Page_Log in page/Input field _Password'

2023-07-11 17:32:32 - [MESSAGE][INFO] - Unable to find the element located by 'By.cssSelector: '. Please recheck the objects properties to make sure the desired element is located. 

2023-07-11 17:32:32 - [MESSAGE][WARNING] - [SELF-HEALING] Failed to find element with id 'Object Repository/Page_log in page/Button_Log in'. Try using Self-healing.

2023-07-11 17:32:34 - [MESSAGE][WARNING] - [SELF-HEALING] The current locator of test object 'Object Repository/Page_log in page/Button_Log in' was broken. Propose an alternative one: '#btn-login'.

2023-07-11 17:32:35 - [MESSAGE][PASSED] - Object: 'Object Repository/Page_log in page/Button_Log in' is clicked on

2023-07-11 17:32:35 - [MESSAGE][PASSED] - logIn.LogIn.logIn is PASSED

2023-07-11 17:32:35 - [TEST_STEP][PASSED] - makeAppointment.MakeAppointment.fillOutForm("", "", "", "", ""): makeAppointment.MakeAppointment.fillOutForm is PASSED

2023-07-11 17:32:39 - [MESSAGE][PASSED] - Text '' is set on object 'Object Repository/Page_Make Appointment/input_Visit Date (Required)_visit_date'

2023-07-11 17:32:43 - [MESSAGE][PASSED] - Text '' is set on object 'Object Repository/Page_Make Appointment/textarea_Comment_comment'

2023-07-11 17:32:45 - [MESSAGE][PASSED] - Object: 'Object Repository/Page_Make Appointment/button_Book Appointment' is clicked on

2023-07-11 17:32:45 - [MESSAGE][PASSED] - makeAppointment.MakeAppointment.fillOutForm is PASSED

2023-07-11 17:32:45 - [TEST_STEP][PASSED] - verifyEqual(getUrl(), URL_appointment): Actual object 'https://katalon-demo-cura.herokuapp.com/#appointment' and expected object 'https://katalon-demo-cura.herokuapp.com/#appointment' are equal

2023-07-11 17:32:45 - [MESSAGE][PASSED] - Current window's url is: 'https://katalon-demo-cura.herokuapp.com/#appointment'

2023-07-11 17:32:45 - [MESSAGE][PASSED] - Actual object 'https://katalon-demo-cura.herokuapp.com/#appointment' and expected object 'https://katalon-demo-cura.herokuapp.com/#appointment' are equal

2023-07-11 17:32:45 - [TEST_STEP][PASSED] - click(findTestObject("Page_Main page/Button_Make Appointment")): Object: 'Object Repository/Page_Main page/Button_Make Appointment' is clicked on

2023-07-11 17:32:47 - [MESSAGE][PASSED] - Object: 'Object Repository/Page_Main page/Button_Make Appointment' is clicked on

2023-07-11 17:32:47 - [TEST_STEP][PASSED] - makeAppointment.MakeAppointment.fillOutForm("", "", "", "abcdefjdgeh", ""): makeAppointment.MakeAppointment.fillOutForm is PASSED

2023-07-11 17:32:51 - [MESSAGE][PASSED] - Text 'abcdefjdgeh' is set on object 'Object Repository/Page_Make Appointment/input_Visit Date (Required)_visit_date'

2023-07-11 17:32:52 - [MESSAGE][PASSED] - Text '' is set on object 'Object Repository/Page_Make Appointment/textarea_Comment_comment'

2023-07-11 17:32:53 - [MESSAGE][PASSED] - Object: 'Object Repository/Page_Make Appointment/button_Book Appointment' is clicked on

2023-07-11 17:32:53 - [MESSAGE][PASSED] - makeAppointment.MakeAppointment.fillOutForm is PASSED

2023-07-11 17:32:53 - [TEST_STEP][FAILED] - verifyEqual(getUrl(), URL_appointment): Unable to verify equal between actual object 'https://katalon-demo-cura.herokuapp.com/appointment.php#summary' and expected object 'https://katalon-demo-cura.herokuapp.com/#appointment' (Root cause: com.kms.katalon.core.exception.StepFailedException: Actual object 'https://katalon-demo-cura.herokuapp.com/appointment.php#summary' and expected object 'https://katalon-demo-cura.herokuapp.com/#appointment' are not equal
	at com.kms.katalon.core.keyword.builtin.VerifyEqualKeyword$_verifyEqual_closure1.doCall(VerifyEqualKeyword.groovy:58)
	at com.kms.katalon.core.keyword.builtin.VerifyEqualKeyword$_verifyEqual_closure1.call(VerifyEqualKeyword.groovy)
	at com.kms.katalon.core.keyword.internal.KeywordMain.runKeyword(KeywordMain.groovy:75)
	at com.kms.katalon.core.keyword.builtin.VerifyEqualKeyword.verifyEqual(VerifyEqualKeyword.groovy:63)
	at com.kms.katalon.core.keyword.builtin.VerifyEqualKeyword.execute(VerifyEqualKeyword.groovy:44)
	at com.kms.katalon.core.keyword.internal.KeywordExecutor.executeKeywordForPlatform(KeywordExecutor.groovy:74)
	at com.kms.katalon.core.keyword.BuiltinKeywords.verifyEqual(BuiltinKeywords.groovy:146)
	at Verify user cannot book an appointment with invalid dates.run(Verify user cannot book an appointment with invalid dates:41)
	at com.kms.katalon.core.main.ScriptEngine.run(ScriptEngine.java:194)
	at com.kms.katalon.core.main.ScriptEngine.runScriptAsRawText(ScriptEngine.java:119)
	at com.kms.katalon.core.main.TestCaseExecutor.runScript(TestCaseExecutor.java:448)
	at com.kms.katalon.core.main.TestCaseExecutor.doExecute(TestCaseExecutor.java:439)
	at com.kms.katalon.core.main.TestCaseExecutor.processExecutionPhase(TestCaseExecutor.java:418)
	at com.kms.katalon.core.main.TestCaseExecutor.accessMainPhase(TestCaseExecutor.java:410)
	at com.kms.katalon.core.main.TestCaseExecutor.execute(TestCaseExecutor.java:285)
	at com.kms.katalon.core.main.TestCaseExecutor.execute(TestCaseExecutor.java:369)
	at com.kms.katalon.core.main.TestCaseExecutor.execute(TestCaseExecutor.java:369)
	at com.kms.katalon.core.main.TestCaseExecutor.execute(TestCaseExecutor.java:369)
	at com.kms.katalon.core.common.CommonExecutor.accessTestCaseMainPhase(CommonExecutor.java:65)
	at com.kms.katalon.core.main.TestSuiteExecutor.accessTestSuiteMainPhase(TestSuiteExecutor.java:148)
	at com.kms.katalon.core.main.TestSuiteExecutor.execute(TestSuiteExecutor.java:106)
	at com.kms.katalon.core.main.TestCaseMain.startTestSuite(TestCaseMain.java:187)
	at com.kms.katalon.core.main.TestCaseMain$startTestSuite$0.call(Unknown Source)
	at TempTestSuite1689070841546.run(TempTestSuite1689070841546.groovy:36)
)

2023-07-11 17:32:53 - [MESSAGE][PASSED] - Current window's url is: 'https://katalon-demo-cura.herokuapp.com/appointment.php#summary'

2023-07-11 17:32:53 - [MESSAGE][FAILED] - Unable to verify equal between actual object 'https://katalon-demo-cura.herokuapp.com/appointment.php#summary' and expected object 'https://katalon-demo-cura.herokuapp.com/#appointment' (Root cause: com.kms.katalon.core.exception.StepFailedException: Actual object 'https://katalon-demo-cura.herokuapp.com/appointment.php#summary' and expected object 'https://katalon-demo-cura.herokuapp.com/#appointment' are not equal
	at com.kms.katalon.core.keyword.builtin.VerifyEqualKeyword$_verifyEqual_closure1.doCall(VerifyEqualKeyword.groovy:58)
	at com.kms.katalon.core.keyword.builtin.VerifyEqualKeyword$_verifyEqual_closure1.call(VerifyEqualKeyword.groovy)
	at com.kms.katalon.core.keyword.internal.KeywordMain.runKeyword(KeywordMain.groovy:75)
	at com.kms.katalon.core.keyword.builtin.VerifyEqualKeyword.verifyEqual(VerifyEqualKeyword.groovy:63)
	at com.kms.katalon.core.keyword.builtin.VerifyEqualKeyword.execute(VerifyEqualKeyword.groovy:44)
	at com.kms.katalon.core.keyword.internal.KeywordExecutor.executeKeywordForPlatform(KeywordExecutor.groovy:74)
	at com.kms.katalon.core.keyword.BuiltinKeywords.verifyEqual(BuiltinKeywords.groovy:146)
	at Verify user cannot book an appointment with invalid dates.run(Verify user cannot book an appointment with invalid dates:41)
	at com.kms.katalon.core.main.ScriptEngine.run(ScriptEngine.java:194)
	at com.kms.katalon.core.main.ScriptEngine.runScriptAsRawText(ScriptEngine.java:119)
	at com.kms.katalon.core.main.TestCaseExecutor.runScript(TestCaseExecutor.java:448)
	at com.kms.katalon.core.main.TestCaseExecutor.doExecute(TestCaseExecutor.java:439)
	at com.kms.katalon.core.main.TestCaseExecutor.processExecutionPhase(TestCaseExecutor.java:418)
	at com.kms.katalon.core.main.TestCaseExecutor.accessMainPhase(TestCaseExecutor.java:410)
	at com.kms.katalon.core.main.TestCaseExecutor.execute(TestCaseExecutor.java:285)
	at com.kms.katalon.core.main.TestCaseExecutor.execute(TestCaseExecutor.java:369)
	at com.kms.katalon.core.main.TestCaseExecutor.execute(TestCaseExecutor.java:369)
	at com.kms.katalon.core.main.TestCaseExecutor.execute(TestCaseExecutor.java:369)
	at com.kms.katalon.core.common.CommonExecutor.accessTestCaseMainPhase(CommonExecutor.java:65)
	at com.kms.katalon.core.main.TestSuiteExecutor.accessTestSuiteMainPhase(TestSuiteExecutor.java:148)
	at com.kms.katalon.core.main.TestSuiteExecutor.execute(TestSuiteExecutor.java:106)
	at com.kms.katalon.core.main.TestCaseMain.startTestSuite(TestCaseMain.java:187)
	at com.kms.katalon.core.main.TestCaseMain$startTestSuite$0.call(Unknown Source)
	at TempTestSuite1689070841546.run(TempTestSuite1689070841546.groovy:36)
)]]></system-out>
         <system-err><![CDATA[2023-07-11 17:31:41 - [TEST_CASE][FAILED] - Test Cases/Verify user cannot book an appointment with invalid dates: Test Cases/Verify user cannot book an appointment with invalid dates FAILED.
Reason:
com.kms.katalon.core.exception.StepFailedException: Actual object 'https://katalon-demo-cura.herokuapp.com/appointment.php#summary' and expected object 'https://katalon-demo-cura.herokuapp.com/#appointment' are not equal
	at com.kms.katalon.core.keyword.builtin.VerifyEqualKeyword$_verifyEqual_closure1.doCall(VerifyEqualKeyword.groovy:58)
	at com.kms.katalon.core.keyword.builtin.VerifyEqualKeyword$_verifyEqual_closure1.call(VerifyEqualKeyword.groovy)
	at com.kms.katalon.core.keyword.internal.KeywordMain.runKeyword(KeywordMain.groovy:75)
	at com.kms.katalon.core.keyword.builtin.VerifyEqualKeyword.verifyEqual(VerifyEqualKeyword.groovy:63)
	at com.kms.katalon.core.keyword.builtin.VerifyEqualKeyword.execute(VerifyEqualKeyword.groovy:44)
	at com.kms.katalon.core.keyword.internal.KeywordExecutor.executeKeywordForPlatform(KeywordExecutor.groovy:74)
	at com.kms.katalon.core.keyword.BuiltinKeywords.verifyEqual(BuiltinKeywords.groovy:146)
	at Verify user cannot book an appointment with invalid dates.run(Verify user cannot book an appointment with invalid dates:41)
	at com.kms.katalon.core.main.ScriptEngine.run(ScriptEngine.java:194)
	at com.kms.katalon.core.main.ScriptEngine.runScriptAsRawText(ScriptEngine.java:119)
	at com.kms.katalon.core.main.TestCaseExecutor.runScript(TestCaseExecutor.java:448)
	at com.kms.katalon.core.main.TestCaseExecutor.doExecute(TestCaseExecutor.java:439)
	at com.kms.katalon.core.main.TestCaseExecutor.processExecutionPhase(TestCaseExecutor.java:418)
	at com.kms.katalon.core.main.TestCaseExecutor.accessMainPhase(TestCaseExecutor.java:410)
	at com.kms.katalon.core.main.TestCaseExecutor.execute(TestCaseExecutor.java:285)
	at com.kms.katalon.core.main.TestCaseExecutor.execute(TestCaseExecutor.java:369)
	at com.kms.katalon.core.main.TestCaseExecutor.execute(TestCaseExecutor.java:369)
	at com.kms.katalon.core.main.TestCaseExecutor.execute(TestCaseExecutor.java:369)
	at com.kms.katalon.core.common.CommonExecutor.accessTestCaseMainPhase(CommonExecutor.java:65)
	at com.kms.katalon.core.main.TestSuiteExecutor.accessTestSuiteMainPhase(TestSuiteExecutor.java:148)
	at com.kms.katalon.core.main.TestSuiteExecutor.execute(TestSuiteExecutor.java:106)
	at com.kms.katalon.core.main.TestCaseMain.startTestSuite(TestCaseMain.java:187)
	at com.kms.katalon.core.main.TestCaseMain$startTestSuite$0.call(Unknown Source)
	at TempTestSuite1689070841546.run(TempTestSuite1689070841546.groovy:36)]]></system-err>
      </testcase>
      <testcase name="Test Cases/Verify user can view correct history page after book appointments" time="112.25" classname="Test Cases/Verify user can view correct history page after book appointments" status="PASSED">
         <system-out><![CDATA[2023-07-11 17:32:53 - [TEST_CASE][PASSED] - Test Cases/Verify user can view correct history page after book appointments: Test Cases/Verify user can view correct history page after book appointments

2023-07-11 17:32:53 - [TEST_STEP][PASSED] - openBrowser(""): Browser is opened with url: ''

2023-07-11 17:32:53 - [MESSAGE][WARNING] - A browser is already opened. Closing browser and opening a new one

2023-07-11 17:32:53 - [MESSAGE][INFO] - Starting 'Chrome' driver

2023-07-11 17:32:53 - [MESSAGE][INFO] - Action delay is set to 0 milliseconds

2023-07-11 17:32:58 - [MESSAGE][PASSED] - Browser is opened with url: ''

2023-07-11 17:32:58 - [TEST_STEP][PASSED] - navigateToUrl(URL_homepage): Navigate to 'https://katalon-demo-cura.herokuapp.com/' successfully

2023-07-11 17:33:01 - [MESSAGE][PASSED] - Navigate to 'https://katalon-demo-cura.herokuapp.com/' successfully

2023-07-11 17:33:01 - [TEST_STEP][PASSED] - click(findTestObject("Page_Main page/Button_Make Appointment")): Object: 'Object Repository/Page_Main page/Button_Make Appointment' is clicked on

2023-07-11 17:33:03 - [MESSAGE][PASSED] - Object: 'Object Repository/Page_Main page/Button_Make Appointment' is clicked on

2023-07-11 17:33:03 - [TEST_STEP][PASSED] - logIn.LogIn.logIn("John Doe", "ThisIsNotAPassword"): logIn.LogIn.logIn is PASSED

2023-07-11 17:33:04 - [MESSAGE][PASSED] - Text 'John Doe' is set on object 'Object Repository/Page_Log in page/Input field_Username'

2023-07-11 17:33:08 - [MESSAGE][PASSED] - Text 'ThisIsNotAPassword' is set on object 'Object Repository/Page_Log in page/Input field _Password'

2023-07-11 17:33:41 - [MESSAGE][INFO] - Unable to find the element located by 'By.cssSelector: '. Please recheck the objects properties to make sure the desired element is located. 

2023-07-11 17:33:41 - [MESSAGE][WARNING] - [SELF-HEALING] Failed to find element with id 'Object Repository/Page_log in page/Button_Log in'. Try using Self-healing.

2023-07-11 17:33:43 - [MESSAGE][WARNING] - [SELF-HEALING] The current locator of test object 'Object Repository/Page_log in page/Button_Log in' was broken. Propose an alternative one: '#btn-login'.

2023-07-11 17:33:44 - [MESSAGE][PASSED] - Object: 'Object Repository/Page_log in page/Button_Log in' is clicked on

2023-07-11 17:33:44 - [MESSAGE][PASSED] - logIn.LogIn.logIn is PASSED

2023-07-11 17:33:44 - [TEST_STEP][PASSED] - facility_list = []: null

2023-07-11 17:33:44 - [TEST_STEP][PASSED] - readmission_list = []: null

2023-07-11 17:33:44 - [TEST_STEP][PASSED] - program_list = []: null

2023-07-11 17:33:44 - [TEST_STEP][PASSED] - dates_list = []: null

2023-07-11 17:33:44 - [TEST_STEP][PASSED] - comment_list = []: null

2023-07-11 17:33:44 - [TEST_STEP][PASSED] - form_output = makeAppointment.MakeAppointment.fillOutForm("Seoul CURA Healthcare Center", "No", "None", "08/08/2023", ""): makeAppointment.MakeAppointment.fillOutForm is PASSED

2023-07-11 17:33:50 - [MESSAGE][PASSED] - All options with label 'Seoul CURA Healthcare Center' are selected in object 'Object Repository/Page_Make Appointment/Dropdown_Facility'  using regular expression

2023-07-11 17:33:52 - [MESSAGE][PASSED] - Object 'Object Repository/Page_Make Appointment/Programs' is checked

2023-07-11 17:33:57 - [MESSAGE][PASSED] - Text '08/08/2023' is set on object 'Object Repository/Page_Make Appointment/input_Visit Date (Required)_visit_date'

2023-07-11 17:34:01 - [MESSAGE][PASSED] - Text '' is set on object 'Object Repository/Page_Make Appointment/textarea_Comment_comment'

2023-07-11 17:34:04 - [MESSAGE][PASSED] - Object: 'Object Repository/Page_Make Appointment/button_Book Appointment' is clicked on

2023-07-11 17:34:04 - [MESSAGE][PASSED] - makeAppointment.MakeAppointment.fillOutForm is PASSED

2023-07-11 17:34:04 - [TEST_STEP][PASSED] - facility_list.add(form_output[0]): null

2023-07-11 17:34:04 - [TEST_STEP][PASSED] - readmission_list.add(form_output[1]): null

2023-07-11 17:34:04 - [TEST_STEP][PASSED] - program_list.add(form_output[2]): null

2023-07-11 17:34:04 - [TEST_STEP][PASSED] - dates_list.add(form_output[3]): null

2023-07-11 17:34:04 - [TEST_STEP][PASSED] - comment_list.add(form_output[4]): null

2023-07-11 17:34:04 - [TEST_STEP][PASSED] - click(findTestObject("Page_Summary/Button_Go to Homepage")): Object: 'Object Repository/Page_Summary/Button_Go to Homepage' is clicked on

2023-07-11 17:34:06 - [MESSAGE][PASSED] - Object: 'Object Repository/Page_Summary/Button_Go to Homepage' is clicked on

2023-07-11 17:34:06 - [TEST_STEP][PASSED] - form_output = makeAppointment.MakeAppointment.fillOutForm("Seoul CURA Healthcare Center", "No", "", "08/09/2024", ""): makeAppointment.MakeAppointment.fillOutForm is PASSED

2023-07-11 17:34:11 - [MESSAGE][PASSED] - Text '08/09/2024' is set on object 'Object Repository/Page_Make Appointment/input_Visit Date (Required)_visit_date'

2023-07-11 17:34:15 - [MESSAGE][PASSED] - Text '' is set on object 'Object Repository/Page_Make Appointment/textarea_Comment_comment'

2023-07-11 17:34:17 - [MESSAGE][PASSED] - Object: 'Object Repository/Page_Make Appointment/button_Book Appointment' is clicked on

2023-07-11 17:34:17 - [MESSAGE][PASSED] - makeAppointment.MakeAppointment.fillOutForm is PASSED

2023-07-11 17:34:17 - [TEST_STEP][PASSED] - facility_list.add(form_output[0]): null

2023-07-11 17:34:17 - [TEST_STEP][PASSED] - readmission_list.add(form_output[1]): null

2023-07-11 17:34:17 - [TEST_STEP][PASSED] - program_list.add(form_output[2]): null

2023-07-11 17:34:17 - [TEST_STEP][PASSED] - dates_list.add(form_output[3]): null

2023-07-11 17:34:17 - [TEST_STEP][PASSED] - comment_list.add(form_output[4]): null

2023-07-11 17:34:17 - [TEST_STEP][PASSED] - click(findTestObject("Page_Summary/Button_Go to Homepage")): Object: 'Object Repository/Page_Summary/Button_Go to Homepage' is clicked on

2023-07-11 17:34:19 - [MESSAGE][PASSED] - Object: 'Object Repository/Page_Summary/Button_Go to Homepage' is clicked on

2023-07-11 17:34:19 - [TEST_STEP][PASSED] - form_output = makeAppointment.MakeAppointment.fillOutForm("", "", "", "01/02/2023", "comment"): makeAppointment.MakeAppointment.fillOutForm is PASSED

2023-07-11 17:34:24 - [MESSAGE][PASSED] - Text '01/02/2023' is set on object 'Object Repository/Page_Make Appointment/input_Visit Date (Required)_visit_date'

2023-07-11 17:34:28 - [MESSAGE][PASSED] - Text 'comment' is set on object 'Object Repository/Page_Make Appointment/textarea_Comment_comment'

2023-07-11 17:34:31 - [MESSAGE][PASSED] - Object: 'Object Repository/Page_Make Appointment/button_Book Appointment' is clicked on

2023-07-11 17:34:31 - [MESSAGE][PASSED] - makeAppointment.MakeAppointment.fillOutForm is PASSED

2023-07-11 17:34:31 - [TEST_STEP][PASSED] - facility_list.add(form_output[0]): null

2023-07-11 17:34:31 - [TEST_STEP][PASSED] - readmission_list.add(form_output[1]): null

2023-07-11 17:34:31 - [TEST_STEP][PASSED] - program_list.add(form_output[2]): null

2023-07-11 17:34:31 - [TEST_STEP][PASSED] - dates_list.add(form_output[3]): null

2023-07-11 17:34:31 - [TEST_STEP][PASSED] - comment_list.add(form_output[4]): null

2023-07-11 17:34:31 - [TEST_STEP][PASSED] - click(findTestObject("Navigation Bar/Icon_Menu")): Object: 'Object Repository/Navigation Bar/Icon_Menu' is clicked on

2023-07-11 17:34:33 - [MESSAGE][PASSED] - Object: 'Object Repository/Navigation Bar/Icon_Menu' is clicked on

2023-07-11 17:34:33 - [TEST_STEP][PASSED] - click(findTestObject("Navigation Bar/Buttons", ["index":"3"])): Object: 'Object Repository/Navigation Bar/Buttons' is clicked on

2023-07-11 17:34:35 - [MESSAGE][PASSED] - Object: 'Object Repository/Navigation Bar/Buttons' is clicked on

2023-07-11 17:34:35 - [TEST_STEP][PASSED] - driver = getWebDriver(): null

2023-07-11 17:34:35 - [TEST_STEP][PASSED] - headings = driver.findElements(By.className("panel-heading")): null

2023-07-11 17:34:37 - [TEST_STEP][PASSED] - facility_sum = driver.findElements(By.id("facility")): null

2023-07-11 17:34:39 - [TEST_STEP][PASSED] - readmission_sum = driver.findElements(By.id("hospital_readmission")): null

2023-07-11 17:34:41 - [TEST_STEP][PASSED] - program_sum = driver.findElements(By.id("program")): null

2023-07-11 17:34:43 - [TEST_STEP][PASSED] - comment_sum = driver.findElements(By.id("comment")): null

2023-07-11 17:34:45 - [TEST_STEP][PASSED] - for (def index : (0..2)): Actual text and expected text of test object '' are matched.

2023-07-11 17:34:45 - [TEST_STEP][PASSED] - verifyElementText(convertWebElementToTestObject(headings[index]), dates_list[index]): Actual text and expected text of test object '' are matched.

2023-07-11 17:34:45 - [MESSAGE][PASSED] - Actual text and expected text of test object '' are matched.

2023-07-11 17:34:45 - [TEST_STEP][PASSED] - verifyElementText(convertWebElementToTestObject(facility_sum[index]), facility_list[index]): Actual text and expected text of test object '' are matched.

2023-07-11 17:34:45 - [MESSAGE][PASSED] - Actual text and expected text of test object '' are matched.

2023-07-11 17:34:45 - [TEST_STEP][PASSED] - verifyElementText(convertWebElementToTestObject(readmission_sum[index]), readmission_list[index]): Actual text and expected text of test object '' are matched.

2023-07-11 17:34:45 - [MESSAGE][PASSED] - Actual text and expected text of test object '' are matched.

2023-07-11 17:34:45 - [TEST_STEP][PASSED] - verifyElementText(convertWebElementToTestObject(program_sum[index]), program_list[index]): Actual text and expected text of test object '' are matched.

2023-07-11 17:34:45 - [MESSAGE][PASSED] - Actual text and expected text of test object '' are matched.

2023-07-11 17:34:45 - [TEST_STEP][PASSED] - verifyElementText(convertWebElementToTestObject(comment_sum[index]), comment_list[index]): Actual text and expected text of test object '' are matched.

2023-07-11 17:34:45 - [MESSAGE][PASSED] - Actual text and expected text of test object '' are matched.

2023-07-11 17:34:45 - [TEST_STEP][PASSED] - verifyElementText(convertWebElementToTestObject(headings[index]), dates_list[index]): Actual text and expected text of test object '' are matched.

2023-07-11 17:34:45 - [MESSAGE][PASSED] - Actual text and expected text of test object '' are matched.

2023-07-11 17:34:45 - [TEST_STEP][PASSED] - verifyElementText(convertWebElementToTestObject(facility_sum[index]), facility_list[index]): Actual text and expected text of test object '' are matched.

2023-07-11 17:34:45 - [MESSAGE][PASSED] - Actual text and expected text of test object '' are matched.

2023-07-11 17:34:45 - [TEST_STEP][PASSED] - verifyElementText(convertWebElementToTestObject(readmission_sum[index]), readmission_list[index]): Actual text and expected text of test object '' are matched.

2023-07-11 17:34:45 - [MESSAGE][PASSED] - Actual text and expected text of test object '' are matched.

2023-07-11 17:34:45 - [TEST_STEP][PASSED] - verifyElementText(convertWebElementToTestObject(program_sum[index]), program_list[index]): Actual text and expected text of test object '' are matched.

2023-07-11 17:34:45 - [MESSAGE][PASSED] - Actual text and expected text of test object '' are matched.

2023-07-11 17:34:45 - [TEST_STEP][PASSED] - verifyElementText(convertWebElementToTestObject(comment_sum[index]), comment_list[index]): Actual text and expected text of test object '' are matched.

2023-07-11 17:34:45 - [MESSAGE][PASSED] - Actual text and expected text of test object '' are matched.

2023-07-11 17:34:45 - [TEST_STEP][PASSED] - verifyElementText(convertWebElementToTestObject(headings[index]), dates_list[index]): Actual text and expected text of test object '' are matched.

2023-07-11 17:34:45 - [MESSAGE][PASSED] - Actual text and expected text of test object '' are matched.

2023-07-11 17:34:45 - [TEST_STEP][PASSED] - verifyElementText(convertWebElementToTestObject(facility_sum[index]), facility_list[index]): Actual text and expected text of test object '' are matched.

2023-07-11 17:34:45 - [MESSAGE][PASSED] - Actual text and expected text of test object '' are matched.

2023-07-11 17:34:45 - [TEST_STEP][PASSED] - verifyElementText(convertWebElementToTestObject(readmission_sum[index]), readmission_list[index]): Actual text and expected text of test object '' are matched.

2023-07-11 17:34:45 - [MESSAGE][PASSED] - Actual text and expected text of test object '' are matched.

2023-07-11 17:34:45 - [TEST_STEP][PASSED] - verifyElementText(convertWebElementToTestObject(program_sum[index]), program_list[index]): Actual text and expected text of test object '' are matched.

2023-07-11 17:34:45 - [MESSAGE][PASSED] - Actual text and expected text of test object '' are matched.

2023-07-11 17:34:45 - [TEST_STEP][PASSED] - verifyElementText(convertWebElementToTestObject(comment_sum[index]), comment_list[index]): Actual text and expected text of test object '' are matched.

2023-07-11 17:34:45 - [MESSAGE][PASSED] - Actual text and expected text of test object '' are matched.

2023-07-11 17:34:45 - [TEST_STEP][PASSED] - closeBrowser(): Browser is closed

2023-07-11 17:34:45 - [MESSAGE][PASSED] - Browser is closed]]></system-out>
         <system-err><![CDATA[]]></system-err>
      </testcase>
      <system-out><![CDATA[2023-07-11 17:20:50 - [TEST_SUITE][FAILED] - Edited: Test Cases/Verify user can book an appointment successfully FAILED.
Reason:
com.kms.katalon.core.exception.StepFailedException: Actual object 'https://katalon-demo-cura.herokuapp.com/#appointment' and expected object 'https://katalon-demo-cura.herokuapp.com/appointment.php#summary' are not equal
	at com.kms.katalon.core.keyword.builtin.VerifyEqualKeyword$_verifyEqual_closure1.doCall(VerifyEqualKeyword.groovy:58)
	at com.kms.katalon.core.keyword.builtin.VerifyEqualKeyword$_verifyEqual_closure1.call(VerifyEqualKeyword.groovy)
	at com.kms.katalon.core.keyword.internal.KeywordMain.runKeyword(KeywordMain.groovy:75)
	at com.kms.katalon.core.keyword.builtin.VerifyEqualKeyword.verifyEqual(VerifyEqualKeyword.groovy:63)
	at com.kms.katalon.core.keyword.builtin.VerifyEqualKeyword.execute(VerifyEqualKeyword.groovy:44)
	at com.kms.katalon.core.keyword.internal.KeywordExecutor.executeKeywordForPlatform(KeywordExecutor.groovy:74)
	at com.kms.katalon.core.keyword.BuiltinKeywords.verifyEqual(BuiltinKeywords.groovy:146)
	at Verify user can book an appointment successfully.run(Verify user can book an appointment successfully:34)
	at com.kms.katalon.core.main.ScriptEngine.run(ScriptEngine.java:194)
	at com.kms.katalon.core.main.ScriptEngine.runScriptAsRawText(ScriptEngine.java:119)
	at com.kms.katalon.core.main.TestCaseExecutor.runScript(TestCaseExecutor.java:448)
	at com.kms.katalon.core.main.TestCaseExecutor.doExecute(TestCaseExecutor.java:439)
	at com.kms.katalon.core.main.TestCaseExecutor.processExecutionPhase(TestCaseExecutor.java:418)
	at com.kms.katalon.core.main.TestCaseExecutor.accessMainPhase(TestCaseExecutor.java:410)
	at com.kms.katalon.core.main.TestCaseExecutor.execute(TestCaseExecutor.java:285)
	at com.kms.katalon.core.common.CommonExecutor.accessTestCaseMainPhase(CommonExecutor.java:65)
	at com.kms.katalon.core.main.TestSuiteExecutor.accessTestSuiteMainPhase(TestSuiteExecutor.java:148)
	at com.kms.katalon.core.main.TestSuiteExecutor.execute(TestSuiteExecutor.java:106)
	at com.kms.katalon.core.main.TestCaseMain.startTestSuite(TestCaseMain.java:187)
	at com.kms.katalon.core.main.TestCaseMain$startTestSuite$0.call(Unknown Source)
	at TempTestSuite1689070841546.run(TempTestSuite1689070841546.groovy:36)]]></system-out>
      <system-err><![CDATA[2023-07-11 17:20:50 - [TEST_SUITE][FAILED] - Edited: Test Cases/Verify user can book an appointment successfully FAILED.
Reason:
com.kms.katalon.core.exception.StepFailedException: Actual object 'https://katalon-demo-cura.herokuapp.com/#appointment' and expected object 'https://katalon-demo-cura.herokuapp.com/appointment.php#summary' are not equal
	at com.kms.katalon.core.keyword.builtin.VerifyEqualKeyword$_verifyEqual_closure1.doCall(VerifyEqualKeyword.groovy:58)
	at com.kms.katalon.core.keyword.builtin.VerifyEqualKeyword$_verifyEqual_closure1.call(VerifyEqualKeyword.groovy)
	at com.kms.katalon.core.keyword.internal.KeywordMain.runKeyword(KeywordMain.groovy:75)
	at com.kms.katalon.core.keyword.builtin.VerifyEqualKeyword.verifyEqual(VerifyEqualKeyword.groovy:63)
	at com.kms.katalon.core.keyword.builtin.VerifyEqualKeyword.execute(VerifyEqualKeyword.groovy:44)
	at com.kms.katalon.core.keyword.internal.KeywordExecutor.executeKeywordForPlatform(KeywordExecutor.groovy:74)
	at com.kms.katalon.core.keyword.BuiltinKeywords.verifyEqual(BuiltinKeywords.groovy:146)
	at Verify user can book an appointment successfully.run(Verify user can book an appointment successfully:34)
	at com.kms.katalon.core.main.ScriptEngine.run(ScriptEngine.java:194)
	at com.kms.katalon.core.main.ScriptEngine.runScriptAsRawText(ScriptEngine.java:119)
	at com.kms.katalon.core.main.TestCaseExecutor.runScript(TestCaseExecutor.java:448)
	at com.kms.katalon.core.main.TestCaseExecutor.doExecute(TestCaseExecutor.java:439)
	at com.kms.katalon.core.main.TestCaseExecutor.processExecutionPhase(TestCaseExecutor.java:418)
	at com.kms.katalon.core.main.TestCaseExecutor.accessMainPhase(TestCaseExecutor.java:410)
	at com.kms.katalon.core.main.TestCaseExecutor.execute(TestCaseExecutor.java:285)
	at com.kms.katalon.core.common.CommonExecutor.accessTestCaseMainPhase(CommonExecutor.java:65)
	at com.kms.katalon.core.main.TestSuiteExecutor.accessTestSuiteMainPhase(TestSuiteExecutor.java:148)
	at com.kms.katalon.core.main.TestSuiteExecutor.execute(TestSuiteExecutor.java:106)
	at com.kms.katalon.core.main.TestCaseMain.startTestSuite(TestCaseMain.java:187)
	at com.kms.katalon.core.main.TestCaseMain$startTestSuite$0.call(Unknown Source)
	at TempTestSuite1689070841546.run(TempTestSuite1689070841546.groovy:36)]]></system-err>
   </testsuite>
</testsuites>
